<?xml version="1.0" encoding="UTF-8"?>
<Site BuildName="(empty)"
	BuildStamp="20250422-0555-Experimental"
	Name="alec-Legion-Slim-5-16AHP9"
	Generator="ctest-3.22.1"
	CompilerName="/usr/bin/c++"
	CompilerVersion="11.4.0"
	OSName="Linux"
	Hostname="alec-Legion-Slim-5-16AHP9"
	OSRelease="6.8.0-57-generic"
	OSVersion="#59~22.04.1-Ubuntu SMP PREEMPT_DYNAMIC Wed Mar 19 17:07:41 UTC 2"
	OSPlatform="x86_64"
	Is64Bits="1"
	VendorString="AuthenticAMD"
	VendorID="Advanced Micro Devices"
	FamilyID="25"
	ModelID="117"
	ProcessorCacheSize="1024"
	NumberOfLogicalCPU="16"
	NumberOfPhysicalCPU="8"
	TotalVirtualMemory="2047"
	TotalPhysicalMemory="31391"
	LogicalProcessorsPerPhysical="2"
	ProcessorClockFrequency="3634.93"
	>
	<Testing>
		<StartDateTime>Apr 22 15:55 AEST</StartDateTime>
		<StartTestTime>1745301341</StartTestTime>
		<TestList/>
		<EndDateTime>Apr 22 15:55 AEST</EndDateTime>
		<EndTestTime>1745301341</EndTestTime>
		<ElapsedMinutes>0</ElapsedMinutes>
	</Testing>
</Site>
